C51 COMPILER V9.59.0.0   MAIN                                                              06/09/2022 22:17:19 PAGE 1   


C51 COMPILER V9.59.0.0, COMPILATION OF MODULE MAIN
OBJECT MODULE PLACED IN .\Objects\main.obj
COMPILER INVOKED BY: D:\Program Files (x86)\Keil_v5\C51\BIN\C51.EXE main.c OPTIMIZE(8,SPEED) BROWSE INCDIR(..\..\source;
                    -..\..\source\module) DEBUG OBJECTEXTEND PRINT(.\Listings\main.lst) OBJECT(.\Objects\main.obj)

line level    source

   1          #include <reg52.h>
   2          #include "clock.h"
   3          #include "tuble.h"
   4          #include "interrupts.h"
   5          #include "keyboard.h"
   6          uint16 count = 0;
   7          bit sym_1s = 0, sym_500ms = 0, sym_5ms = 0, sym_1ms = 0;
   8          bit sym_glint = 0,  // 修改状态
   9                  sym_state_glint = 0, // 闪烁状态
  10                  sym_updata_state = 1 // 时间与日期状态
  11                  ;
  12          uint8 state_time = 0, glint_count_10s = 10;
  13          int main() {
  14   1              uint8 site_ = 0;
  15   1          init_t0_1_interrupt(0xF7, 0x00);
  16   1              updata_time();
  17   1          while(1) {
  18   2                      
  19   2                      if(sym_5ms) {
  20   3                              sym_5ms = 1;
  21   3                              detect_col_keyboard();
  22   3                      } // 5ms扫描一次按键
  23   2                      
  24   2              if(sym_1ms) {
  25   3                              sym_1ms = 0;
  26   3                              display_site_tuble(site_); // 扫描数码管
  27   3                              if(sym_updata_state) {
  28   4                                      clear_point_site_tuble(4);
  29   4                                      clear_point_site_tuble(2);
  30   4                              } // 显示时间不显示点
  31   3                              else {
  32   4                                      display_point_site_tuble(4);
  33   4                                      display_point_site_tuble(2);
  34   4                              } // 显示年显示点
  35   3                              if(++site_ >= 8) site_ = 0;
  36   3                      }
  37   2                      
  38   2                      if(sym_500ms) {
  39   3                              sym_500ms = 0;
  40   3                              if(sym_state_glint) {
  41   4                                      if(sym_updata_state) {
  42   5                                              switch (state_time) {
  43   6                                                      case 1:
  44   6                                                              glint_hour(sym_glint|0x00);
  45   6                                                              break;
  46   6                                                      case 2:
  47   6                                                              glint_minute(sym_glint|0x00);
  48   6                                                              break;
  49   6                                              }
  50   5                                      } // 显示时间
  51   4                                      else {
  52   5                                              switch (state_time) {
  53   6                                                      case 1:
  54   6                                                              glint_year(sym_glint|0x00);
C51 COMPILER V9.59.0.0   MAIN                                                              06/09/2022 22:17:19 PAGE 2   

  55   6                                                              break;
  56   6                                                      case 2:                                                 
  57   6                                                              glint_month(sym_glint|0x00);
  58   6                                                              break;
  59   6                                                      case 3:
  60   6                                                              glint_day(sym_glint|0x00);
  61   6                                                              break;
  62   6                                              }
  63   5                                      } // 显示日期
  64   4                              }
  65   3                              sym_glint = !sym_glint;
  66   3                      }
  67   2                      
  68   2                      if(sym_1s) {
  69   3                              sym_1s = 0;
  70   3                              glint_count_10s--;
  71   3                              if(glint_count_10s <= 0) {
  72   4                                      sym_state_glint = 0;
  73   4                                      if(sym_updata_state) {
  74   5                                              glint_hour(0x01);
  75   5                                              glint_minute(0x01);
  76   5                                      } // 恢复正常时间
  77   4                                      else {
  78   5                                              glint_year(0x01);
  79   5                                              glint_month(0x01);
  80   5                                              glint_day(0x01);
  81   5                                      } // 恢复正常日期
  82   4                                      glint_count_10s = 10;
  83   4                                      state_time = 0;
  84   4                              } // 10秒钟没有操作则恢复正常
  85   3                              updata_total_time(); // 读秒操作
  86   3                              if(sym_data_time||sym_data_date) {
  87   4                                      sym_data_time = 0;
  88   4                                      if(sym_updata_state) {
  89   5                                              updata_time();
  90   5                                      }
  91   4                                      else {
  92   5                                              updata_date();
  93   5                                      }
  94   4                              }
  95   3                      } // 更新时间
  96   2                      
  97   2                      if(KEYBOARD13_DOWN) {
  98   3                              KEYBOARD13_DOWN = 0;
  99   3                              sym_updata_state = !sym_updata_state; // 更替时间与日期
 100   3                              if(sym_updata_state) {
 101   4                                      glint_hour(0x01);
 102   4                                      glint_minute(0x01);
 103   4                                      updata_time();
 104   4                              } // 改变时间闪烁状态
 105   3                              else {
 106   4                                      glint_year(0x01);
 107   4                                      glint_month(0x01);
 108   4                                      glint_day(0x01);
 109   4                                      updata_date();
 110   4                              } // 改变日期闪烁状态
 111   3                              state_time = 0; // 修改状态重置状态
 112   3                      }
 113   2                      
 114   2                      if(KEYBOARD15_DOWN) {
 115   3                              KEYBOARD15_DOWN = 0;
 116   3                              sym_state_glint = 1;
C51 COMPILER V9.59.0.0   MAIN                                                              06/09/2022 22:17:19 PAGE 3   

 117   3                              state_time++;
 118   3                              if(sym_updata_state) {
 119   4                                      if(state_time >= 3) {
 120   5                                              state_time = 0;
 121   5                                              sym_state_glint = 0;
 122   5                                              glint_hour(1);
 123   5                                      }
 124   4                              } // 改变时间修改状态
 125   3                              else {
 126   4                                      if(state_time >= 4) {
 127   5                                              state_time = 0;
 128   5                                              sym_state_glint = 0;
 129   5                                              glint_hour(1);
 130   5                                      }
 131   4                              } // 改变日期修改状态
 132   3                              
 133   3                      } // 时间设置触发 1 时/年 2 分/月 3 月
 134   2                      
 135   2                      if(KEYBOARD4_DOWN) {
 136   3                              KEYBOARD4_DOWN = 0;
 137   3                              if(sym_state_glint) {
 138   4                                      glint_count_10s = 10;
 139   4                                      if(sym_updata_state) {
 140   5                                              switch (state_time) {
 141   6                                                      case 1:
 142   6                                                              updata_hour(1);
 143   6                                                              break;
 144   6                                                      case 2:
 145   6                                                              updata_minute(1);
 146   6                                                              break;
 147   6                                              }
 148   5                                      } // 增加时间状态
 149   4                                      else {
 150   5                                              switch (state_time) {
 151   6                                                      case 1:
 152   6                                                              updata_year(1);
 153   6                                                              break;
 154   6                                                      case 2:
 155   6                                                              updata_month(1);
 156   6                                                              break;
 157   6                                                      case 3:
 158   6                                                              updata_day(1);
 159   6                                                              break;
 160   6                                              }
 161   5                                      } // 增加日期状态
 162   4                              }
 163   3                      } // S4下调数值
 164   2      
 165   2                      if(KEYBOARD8_DOWN) {
 166   3                              KEYBOARD8_DOWN = 0;
 167   3                              if(sym_state_glint) {
 168   4                                      glint_count_10s = 10;
 169   4                                      if(sym_updata_state) {
 170   5                                              switch (state_time) {
 171   6                                                      case 1:
 172   6                                                              updata_hour(-1);
 173   6                                                              break;
 174   6                                                      case 2:
 175   6                                                              updata_minute(-1);
 176   6                                                              break;
 177   6                                              }
 178   5                                      } // 减少时间状态
C51 COMPILER V9.59.0.0   MAIN                                                              06/09/2022 22:17:19 PAGE 4   

 179   4                                      else {
 180   5                                              switch (state_time) {
 181   6                                                      case 1:
 182   6                                                              updata_year(-1);
 183   6                                                              break;
 184   6                                                      case 2:
 185   6                                                              updata_month(-1);
 186   6                                                              break;
 187   6                                                      case 3:
 188   6                                                              updata_day(-1);
 189   6                                                              break;
 190   6                                              }
 191   5                                      }  // 减少日期状态
 192   4                              }
 193   3                      } // S8下调数值
 194   2          }
 195   1          return 0;
 196   1      }
 197          
 198          void clock_interrupt() interrupt 1 {
 199   1              TR0 = 0;
 200   1              TH0 = 0xF7;
 201   1              TL0 = 0x00;
 202   1              TR0 = 1;
 203   1              sym_1ms = 1;
 204   1              if(count%2 == 1) {
 205   2                      sym_5ms = 1;
 206   2              }
 207   1              if(count%200 == 199) {
 208   2                      sym_500ms = 1;
 209   2              }
 210   1              if(count >= 400) {
 211   2                      count = 0;
 212   2                      sym_1s = 1;
 213   2              }
 214   1              count++;
 215   1      }
*** WARNING C294 IN LINE 195 OF main.c: unreachable code


MODULE INFORMATION:   STATIC OVERLAYABLE
   CODE SIZE        =    575    ----
   CONSTANT SIZE    =   ----    ----
   XDATA SIZE       =   ----    ----
   PDATA SIZE       =   ----    ----
   DATA SIZE        =      4       1
   IDATA SIZE       =   ----    ----
   BIT SIZE         =      7    ----
END OF MODULE INFORMATION.


C51 COMPILATION COMPLETE.  1 WARNING(S),  0 ERROR(S)
