C51 COMPILER V9.59.0.0   TUBLE                                                             06/09/2022 22:17:19 PAGE 1   


C51 COMPILER V9.59.0.0, COMPILATION OF MODULE TUBLE
OBJECT MODULE PLACED IN .\Objects\tuble.obj
COMPILER INVOKED BY: D:\Program Files (x86)\Keil_v5\C51\BIN\C51.EXE ..\..\source\module\tuble.c OPTIMIZE(8,SPEED) BROWSE
                    - INCDIR(..\..\source;..\..\source\module) DEBUG OBJECTEXTEND PRINT(.\Listings\tuble.lst) OBJECT(.\Objects\tuble.obj)

line level    source

   1          #include <reg52.h>
   2          #include "tuble.h"
   3          
   4          /* 
   5              æ•°ç ç®¡æ¨¡å—æŒ‡å®šæ˜¾ç¤ºå¼•è„š
   6              CBA     æ•°ç ç®¡ä½ç½®
   7              111         7
   8              110         6
   9              101         5
  10              100         4
  11              011         3
  12              010         2
  13              001         1
  14              000         0
  15          */
  16          sbit TUBLE_A=P2^2; 
  17          sbit TUBLE_B=P2^3;
  18          sbit TUBLE_C=P2^4;
  19          
  20          /*
  21              æ•°ç ç®¡æ˜¾ç¤ºå­—å½¢
  22              æ³¨ï¼šè‹¥æƒ³è¦æ˜¾ç¤ºå°æ•°ç‚¹ï¼Œåˆ™ä»¤å­—å½¢ç çš„é«˜ä½ä¸º 1 å³å¯
  23          */ 
  24          code uint8 font_tuble[] = {
  25                  0x3F, 0x06, 0x5B, 0x4F, // 0 1 2 3
  26              0x66, 0x6D, 0x7D, 0x07, // 4 5 6 7
  27              0x7F, 0x6F, 0x77, 0x7C, // 8 9 A B
  28              0x39, 0x5E, 0x79, 0x71,  // C D E F
  29                  0x40, 0x00
  30          };
  31          
  32          /*
  33              æ•°ç ç®¡æ˜¾ç¤ºå­—å½¢ç¼“å†²åŒº
  34              è°ƒåº¦ä¸åŒçš„æ˜¾ç¤ºå¼•è„šï¼Œæ˜¾ç¤ºå¯¹åº”çš„ç¼“å†²åŒºå†…å®¹
  35          */
  36          uint8 display_buffer[8] = { 0x00, 0x00, 0x00, 0x00, 0x00, 0x00, 0x00, 0x00}; // æ‰«ææ•°ç ç®¡æ—¶æ˜¾ç¤ºå†
             -…å®¹
  37          uint8 judge_buffer[8] = {0x01, 0x01, 0x01, 0x01, 0x01, 0x01, 0x01, 0x01}; // æ‰«ææ•°ç ç®¡æ—¶æ˜¯å¦æ˜¾ç¤
             -º
  38          
  39          /**
  40           * @brief æ˜¾ç¤ºæ•°ç ç®¡æ¨¡å—ç‚¹
  41           * é€šè¿‡par_siteæŒ‡å®šä½ç½®æ˜¾ç¤ºç‚¹
  42           * @param par_site æ•°ç ç®¡çš„ä½åº
  43           */
  44          void display_point_site_tuble(uint8 par_site) {
  45   1          uint8 tmp_buff_site = display_buffer[par_site]  | 0x80; // ä»…ä¿®æ”¹ç¼“å†²åŒºæŒ‡å®šä½ç½®çš„é«˜ä½ä¸º1
             -ï¼Œä¿ç•™åŽŸå§‹æ•°æ®çš„æ˜¾ç¤º
  46   1          display_buffer[par_site] = tmp_buff_site; 
  47   1      }
  48          
  49          /**
  50           * @brief æ¶ˆé™¤é™¤æ•°ç ç®¡æ¨¡å—ç‚¹
  51           * é€šè¿‡par_siteæŒ‡å®šä½ç½®æ¶ˆé™¤ç‚¹
C51 COMPILER V9.59.0.0   TUBLE                                                             06/09/2022 22:17:19 PAGE 2   

  52           * @param par_site æ•°ç ç®¡çš„ä½åº
  53           */
  54          void clear_point_site_tuble(uint8 par_site) {
  55   1          uint8 tmp_buff_site = display_buffer[par_site]  & 0x7F;
  56   1          display_buffer[par_site] = tmp_buff_site & 0x7F; // ä»…ä¿®æ”¹ç¼“å†²åŒºæŒ‡å®šä½ç½®çš„é«˜ä½ä¸º0ï¼Œä¿ç
             -•™åŽŸå§‹æ•°æ®çš„æ˜¾ç¤º
  57   1      }
  58          
  59          /**
  60           * @brief ä¿®æ”¹æ•°ç ç®¡æ¨¡å—ç¼“å†²åŒº
  61           * é€šè¿‡par_siteæŒ‡å®šä½ç½®ä¿®æ”¹ç¼“å†²åŒºçš„å†…å®¹
  62           * @param par_site æ•°ç ç®¡çš„ä½åº
  63           * @param par_value æ•°ç ç®¡ç¼“å†²åŒºçš„å†…å®¹
  64           */
  65          void updata_value_site_tuble(uint8 par_site, uint8 par_value) {
  66   1          uint8 tmp_buff_site = display_buffer[par_site] & 0x80; // ä¿ç•™é«˜ä½ï¼Œå³ç‚¹çš„æ˜¾ç¤ºçŠ¶æ€
  67   1          display_buffer[par_site] = tmp_buff_site | font_tuble[par_value];
  68   1      }
  69          
  70          /**
  71           * @brief ä¿®æ”¹æ•°ç ç®¡æ¨¡å—ç¼“å†²åŒºå†…å®¹
  72           * é€šè¿‡par_dataä¸Žpar_advanceç»“åˆï¼Œå¯¹ç¼“å†²åŒºè¿›è¡Œå†…å®¹æ›´æ–°
  73           * @param par_data æ˜¾ç¤ºçš„å†…å®¹
  74           * @param par_advance è¿›åˆ¶
  75           */
  76          void updata_value_all_tuble(uint32 par_data, uint8 par_advance) {
  77   1          uint8 tmp_digit = 0;
  78   1          do {
  79   2              display_buffer[tmp_digit++] = font_tuble[par_data%par_advance];
  80   2              par_data /= 10;
  81   2          }while(par_data > 0);
  82   1          while(tmp_digit < 8) display_buffer[tmp_digit++] = 0x00;
  83   1      }
  84          
  85          /**
  86           * @brief æ˜¾ç¤ºæ•°ç ç®¡æ¨¡å—å†…å®¹
  87           * æ˜¾ç¤ºç¼“å†²åŒºæ‰€æœ‰çš„å†…å®¹
  88           */
  89          void display_all_tuble() {
  90   1          uint8 tmp_cycle;
  91   1          for(tmp_cycle = 0; tmp_cycle < 8; ++tmp_cycle) {
  92   2              display_site_tuble(tmp_cycle);
  93   2          }
  94   1      }
  95          
  96          /**
  97           * @brief æ˜¾ç¤ºæ•°ç ç®¡æ¨¡å—ç¼“å†²åŒºå†…å®¹
  98           * é€šè¿‡par_siteæ˜¾ç¤ºç¼“å†²åŒºæŒ‡å®šä½ç½®çš„å†…å®¹
  99           * @param par_site ç¼“å†²åŒºåºåˆ—
 100           */
 101          void display_site_tuble(uint8 par_site) {
 102   1          P0 = 0x00;
 103   1          TUBLE_A = par_site%2;
 104   1          TUBLE_B = par_site/2%2;
 105   1          TUBLE_C = par_site/4%2;
 106   1          if(judge_buffer[par_site])
 107   1              P0 = display_buffer[par_site];
 108   1      }
 109          
 110          /**
 111           * @brief æ˜¾ç¤ºçŠ¶æ€ï¼Œä¸»è¦ç”¨äºŽé—ªçƒ
 112           * @param par_site æ˜¾ç¤ºçŠ¶æ€ç¼“å†²åŒº
C51 COMPILER V9.59.0.0   TUBLE                                                             06/09/2022 22:17:19 PAGE 3   

 113           * @param par_glint æ˜¾ç¤ºçŠ¶æ€ç¼“å†²åŒºå†…å®¹
 114           */
 115          void glint_site_tuble(uint8 par_site , uint8 par_glint) {
 116   1              judge_buffer[par_site] = par_glint;
 117   1      }


MODULE INFORMATION:   STATIC OVERLAYABLE
   CODE SIZE        =    224    ----
   CONSTANT SIZE    =     18    ----
   XDATA SIZE       =   ----    ----
   PDATA SIZE       =   ----    ----
   DATA SIZE        =     16       7
   IDATA SIZE       =   ----    ----
   BIT SIZE         =   ----    ----
END OF MODULE INFORMATION.


C51 COMPILATION COMPLETE.  0 WARNING(S),  0 ERROR(S)
