C51 COMPILER V9.59.0.0   MAIN                                                              06/13/2022 12:00:13 PAGE 1   


C51 COMPILER V9.59.0.0, COMPILATION OF MODULE MAIN
OBJECT MODULE PLACED IN .\Objects\main.obj
COMPILER INVOKED BY: D:\Program Files (x86)\Keil_v5\C51\BIN\C51.EXE main.c OPTIMIZE(8,SPEED) BROWSE INCDIR(..\..\source;
                    -..\..\source\module) DEBUG OBJECTEXTEND PRINT(.\Listings\main.lst) OBJECT(.\Objects\main.obj)

line level    source

   1          #include <reg52.h>
   2          #include "calculator.h"
   3          #include "tuble.h"
   4          #include "keyboard.h"
   5          #include "interrupts.h"
   6          
   7          uint8 count = 0;
   8          uint16 time_count = 0;
   9          bit sym_unit = 0,
  10                  sym_5ms = 0,
  11              sym_250ms = 0,
  12              sym_1s = 0
  13              ;
  14          
  15          int main() {
  16   1          init_t1_1_interrupt(0xF7, 0x00);
  17   1          updata_value_all_tuble(operator_a,10);
  18   1          while(1) {
  19   2              if(sym_unit) {
  20   3                  sym_unit = 0;
  21   3                  display_site_tuble(count++);
  22   3                  count %= 8;
  23   3              }
  24   2                      if(sym_5ms) {
  25   3                              detect_col_keyboard();
  26   3                              keyboard_calculator();
  27   3                      }
  28   2              if(sym_250ms) {
  29   3                  sym_250ms = 0;
  30   3                  if(sym_display_ab)
  31   3                                      updata_value_all_tuble(operator_b,10);
  32   3                              else
  33   3                                      updata_value_all_tuble(operator_a,10);
  34   3              }
  35   2          }
  36   1          return 0;
  37   1      }
  38          
  39          void calculator_interrupt() interrupt 3 {
  40   1          TR1 = 0;
  41   1          TH1 = 0xF7;
  42   1          TL1 = 0x00;
  43   1          TR1 = 1;
  44   1          sym_unit = 1;
  45   1          if(time_count%2 == 1) {
  46   2              sym_5ms = 1;
  47   2          }
  48   1          if(time_count%100 == 99) {
  49   2              sym_250ms = 1;
  50   2          }
  51   1          if(time_count >= 400) {
  52   2              sym_1s = 1;
  53   2              time_count = 0;
  54   2          }
C51 COMPILER V9.59.0.0   MAIN                                                              06/13/2022 12:00:13 PAGE 2   

  55   1          time_count++;
  56   1      }
*** WARNING C294 IN LINE 36 OF main.c: unreachable code


MODULE INFORMATION:   STATIC OVERLAYABLE
   CODE SIZE        =    182    ----
   CONSTANT SIZE    =   ----    ----
   XDATA SIZE       =   ----    ----
   PDATA SIZE       =   ----    ----
   DATA SIZE        =      3    ----
   IDATA SIZE       =   ----    ----
   BIT SIZE         =      4    ----
END OF MODULE INFORMATION.


C51 COMPILATION COMPLETE.  1 WARNING(S),  0 ERROR(S)
