C51 COMPILER V9.59.0.0   MAIN                                                              06/14/2022 12:02:11 PAGE 1   


C51 COMPILER V9.59.0.0, COMPILATION OF MODULE MAIN
OBJECT MODULE PLACED IN .\Objects\main.obj
COMPILER INVOKED BY: D:\Program Files (x86)\Keil_v5\C51\BIN\C51.EXE main.c OPTIMIZE(8,SPEED) BROWSE INCDIR(..\..\source\
                    -module;..\..\source) DEBUG OBJECTEXTEND PRINT(.\Listings\main.lst) OBJECT(.\Objects\main.obj)

line level    source

   1          #include <reg52.h>
   2          #include "heartbeat.h"
   3          #include "interrupts.h"
   4          bit sym_500ms = 0;
   5          uint8 count = 0, site_led = 0;
   6          int main() {
   7   1              init_t0_1_interrupt(0xF7, 0x00);
   8   1              while(1) {
   9   2                      if(sym_500ms) {
  10   3                              sym_500ms = 0;
  11   3                              start_heartbeat(site_led);
  12   3                              site_led++;
  13   3                              if(site_led > 8) site_led = 0;
  14   3                      }
  15   2              }
  16   1              return 0;
  17   1      }
  18          
  19          void interrupt_func() interrupt 1 {
  20   1              TR0 = 0;
  21   1              TH0 = 0xF7;
  22   1              TL0 = 0x00;
  23   1              TR0 = 1;
  24   1              if(++count >= 200) {
  25   2                      count = 0;
  26   2                      sym_500ms = 1;
  27   2              }
  28   1      }
*** WARNING C294 IN LINE 16 OF main.c: unreachable code


MODULE INFORMATION:   STATIC OVERLAYABLE
   CODE SIZE        =     72    ----
   CONSTANT SIZE    =   ----    ----
   XDATA SIZE       =   ----    ----
   PDATA SIZE       =   ----    ----
   DATA SIZE        =      2    ----
   IDATA SIZE       =   ----    ----
   BIT SIZE         =      1    ----
END OF MODULE INFORMATION.


C51 COMPILATION COMPLETE.  1 WARNING(S),  0 ERROR(S)
