C51 COMPILER V9.59.0.0   LED                                                               06/15/2022 19:40:23 PAGE 1   


C51 COMPILER V9.59.0.0, COMPILATION OF MODULE LED
OBJECT MODULE PLACED IN .\Objects\led.obj
COMPILER INVOKED BY: D:\Program Files (x86)\Keil_v5\C51\BIN\C51.EXE ..\..\source\module\led.c OPTIMIZE(8,SPEED) BROWSE I
                    -NCDIR(..\..\source\module;..\..\source) DEBUG OBJECTEXTEND PRINT(.\Listings\led.lst) OBJECT(.\Objects\led.obj)

line level    source

   1          #include <reg52.h>
   2          #include "led.h"
   3          
   4          /* LED模块引脚定义 */
   5          sbit led1 = P2^0; // D1
   6          sbit led2 = P2^1; // D2
   7          sbit led3 = P2^2; // D3
   8          sbit led4 = P2^3; // D4
   9          sbit led5 = P2^4; // D5
  10          sbit led6 = P2^5; // D6
  11          sbit led7 = P2^6; // D7
  12          sbit led8 = P2^7; // D8
  13          
  14          /**
  15           * @brief 点亮LED模块
  16           * 通过 par_site指定相应的LED点亮
  17           * @param par_site 
  18           */
  19          void on_site_led(uint8 par_site){
  20   1              switch(par_site%8){
  21   2                      case D1:led1 = 0;break;
  22   2                      case D2:led2 = 0;break;
  23   2                      case D3:led3 = 0;break;
  24   2                      case D4:led4 = 0;break;
  25   2                      case D5:led5 = 0;break;
  26   2                      case D6:led6 = 0;break;
  27   2                      case D7:led7 = 0;break;
  28   2                      case D8:led8 = 0;break;
  29   2              }
  30   1      }
  31          
  32          /**
  33           * @brief 熄灭LED模块
  34           * 通过 par_site指定相应的LED熄灭
  35           * @param par_site 
  36           */
  37          void off_site_led(uint8 par_site){
  38   1              switch(par_site%8){
  39   2                      case D1:led1 = 1;break;
  40   2                      case D2:led2 = 1;break;
  41   2                      case D3:led3 = 1;break;
  42   2                      case D4:led4 = 1;break;
  43   2                      case D5:led5 = 1;break;
  44   2                      case D6:led6 = 1;break;
  45   2                      case D7:led7 = 1;break;
  46   2                      case D8:led8 = 1;break;
  47   2              }
  48   1      }


MODULE INFORMATION:   STATIC OVERLAYABLE
   CODE SIZE        =    126    ----
   CONSTANT SIZE    =   ----    ----
   XDATA SIZE       =   ----    ----
C51 COMPILER V9.59.0.0   LED                                                               06/15/2022 19:40:23 PAGE 2   

   PDATA SIZE       =   ----    ----
   DATA SIZE        =   ----    ----
   IDATA SIZE       =   ----    ----
   BIT SIZE         =   ----    ----
END OF MODULE INFORMATION.


C51 COMPILATION COMPLETE.  0 WARNING(S),  0 ERROR(S)
